<?xml version="1.0" encoding="UTF-8"?>
<!-- Generated by org.testng.reporters.JUnitXMLReporter -->
<testsuite hostname="Toruk-Macto" ignored="0" name="TestNG Annotations" tests="2" failures="0" timestamp="12 Jun 2019 15:36:26 GMT" time="0.034" errors="0">
  <testcase name="TestCaseFunctionOne" time="0.006" classname="tutorial.edureka.example.com.TestNGAnnotations"/>
  <testcase name="TestCaseFunctionTwo" time="0.0" classname="tutorial.edureka.example.com.TestNGAnnotations"/>
</testsuite> <!-- TestNG Annotations -->
