<?xml version="1.0" encoding="UTF-8"?>
<!-- Generated by org.testng.reporters.JUnitXMLReporter -->
<testsuite hostname="Toruk-Macto" ignored="2" name="Page Object Model Scenerio" tests="1" failures="0" timestamp="03 Jul 2019 16:09:12 GMT" time="2.988" errors="0">
  <testcase name="PerformTest" time="2.874" classname="tutorial.edureka.example.com.PageFactoryFindingWebElements"/>
  <testcase name="@BeforeSuite InvokeBrowser" time="0.0" classname="tutorial.edureka.example.com.PageFactoryTestCasesBase">
    <ignored/>
  </testcase> <!-- @BeforeSuite InvokeBrowser -->
  <testcase name="@AfterSuite ClosingBrowser" time="0.0" classname="tutorial.edureka.example.com.PageFactoryTestCasesBase">
    <ignored/>
  </testcase> <!-- @AfterSuite ClosingBrowser -->
</testsuite> <!-- Page Object Model Scenerio -->
