<?xml version="1.0" encoding="UTF-8"?>
<!-- Generated by org.testng.reporters.JUnitXMLReporter -->
<testsuite hostname="Toruk-Macto" ignored="0" name="Test" tests="8" failures="0" timestamp="17 Mar 2019 19:37:53 GMT" time="0.051" errors="0">
  <testcase name="sampleGroupTestEight" time="0.01" classname="MyTestNGSample.TestNGSampleGroupingTest"/>
  <testcase name="sampleGroupTestFive" time="0.0" classname="MyTestNGSample.TestNGSampleGroupingTest"/>
  <testcase name="sampleGroupTestFour" time="0.0" classname="MyTestNGSample.TestNGSampleGroupingTest"/>
  <testcase name="sampleGroupTestOne" time="0.005" classname="MyTestNGSample.TestNGSampleGroupingTest"/>
  <testcase name="sampleGroupTestSeven" time="0.0" classname="MyTestNGSample.TestNGSampleGroupingTest"/>
  <testcase name="sampleGroupTestSix" time="0.0" classname="MyTestNGSample.TestNGSampleGroupingTest"/>
  <testcase name="sampleGroupTestThree" time="0.0" classname="MyTestNGSample.TestNGSampleGroupingTest"/>
  <testcase name="sampleGroupTestTwo" time="0.0" classname="MyTestNGSample.TestNGSampleGroupingTest"/>
</testsuite> <!-- Test -->
