<?xml version="1.0" encoding="UTF-8"?>
<!-- Generated by org.testng.reporters.JUnitXMLReporter -->
<testsuite hostname="Toruk-Macto" ignored="1" name="Default test" tests="11" failures="0" timestamp="12 Jun 2019 16:27:55 GMT" time="0.07" errors="0">
  <testcase name="TestCaseFunctionBB" time="0.009" classname="tutorial.edureka.example.com.TestNGAttributes"/>
  <testcase name="TestCaseFunctionD1" time="0.007" classname="tutorial.edureka.example.com.TestNGAttributes"/>
  <testcase name="TestCaseFunctionA1" time="0.0" classname="tutorial.edureka.example.com.TestNGAttributes"/>
  <testcase name="TestCaseFunctionE1" time="0.0" classname="tutorial.edureka.example.com.TestNGAttributes"/>
  <testcase name="TestCaseFunctionF1" time="0.0" classname="tutorial.edureka.example.com.TestNGAttributes"/>
  <testcase name="TestCaseFunctionAA" time="0.001" classname="tutorial.edureka.example.com.TestNGAttributes"/>
  <testcase name="TestCaseFunctionCC" time="0.0" classname="tutorial.edureka.example.com.TestNGAttributes"/>
  <testcase name="TestCaseFunctionDD" time="0.0" classname="tutorial.edureka.example.com.TestNGAttributes"/>
  <testcase name="TestCaseFunctionFF" time="0.004" classname="tutorial.edureka.example.com.TestNGAttributes"/>
  <testcase name="TestCaseFunctionB1" time="0.0" classname="tutorial.edureka.example.com.TestNGAttributes"/>
  <testcase name="TestCaseFunctionEE" time="0.0" classname="tutorial.edureka.example.com.TestNGAttributes"/>
  <testcase name="TestCaseFunctionC1" time="0.0" classname="tutorial.edureka.example.com.TestNGAttributes">
    <ignored/>
  </testcase> <!-- TestCaseFunctionC1 -->
</testsuite> <!-- Default test -->
