<?xml version="1.0" encoding="UTF-8"?>
<!-- Generated by org.testng.reporters.JUnitXMLReporter -->
<testsuite hostname="Toruk-Macto" ignored="0" name="Default test" tests="2" failures="0" timestamp="13 Jun 2019 15:31:43 GMT" time="8.206" errors="0">
  <testcase name="EqualityAssertion" time="0.008" classname="tutorial.edureka.example.com.TestNGAssertions"/>
  <testcase name="RetrieveTitle" time="0.007" classname="tutorial.edureka.example.com.TestNGAssertions"/>
</testsuite> <!-- Default test -->
