<?xml version="1.0" encoding="UTF-8"?>
<!-- Generated by org.testng.reporters.JUnitXMLReporter -->
<testsuite hostname="Toruk-Macto" ignored="0" name="Parallel Testing For Groupings" tests="10" failures="0" timestamp="13 Jun 2019 15:49:37 GMT" time="0.051" errors="0">
  <testcase name="Function1" time="0.01" classname="tutorial.edureka.example.com.GroupingTestNG"/>
  <testcase name="Function2" time="0.0" classname="tutorial.edureka.example.com.GroupingTestNG"/>
  <testcase name="Function3" time="0.004" classname="tutorial.edureka.example.com.GroupingTestNG"/>
  <testcase name="Function4" time="0.0" classname="tutorial.edureka.example.com.GroupingTestNG"/>
  <testcase name="Function1" time="0.006" classname="tutorial.edureka.example.com.AnotherGroupingUsingTestNG"/>
  <testcase name="Function2" time="0.0" classname="tutorial.edureka.example.com.AnotherGroupingUsingTestNG"/>
  <testcase name="Function3" time="0.0" classname="tutorial.edureka.example.com.AnotherGroupingUsingTestNG"/>
  <testcase name="Function4" time="0.0" classname="tutorial.edureka.example.com.AnotherGroupingUsingTestNG"/>
  <testcase name="Function5" time="0.001" classname="tutorial.edureka.example.com.AnotherGroupingUsingTestNG"/>
  <testcase name="Function6" time="0.0" classname="tutorial.edureka.example.com.AnotherGroupingUsingTestNG"/>
</testsuite> <!-- Parallel Testing For Groupings -->
