<?xml version="1.0" encoding="UTF-8"?>
<!-- Generated by org.testng.reporters.JUnitXMLReporter -->
<testsuite hostname="Toruk-Macto" ignored="0" name="Parallel Testing For Annotations" tests="2" failures="0" timestamp="13 Jun 2019 15:49:37 GMT" time="0.034" errors="0">
  <testcase name="TestCaseFunctionOne" time="0.01" classname="tutorial.edureka.example.com.TestNGAnnotations"/>
  <testcase name="TestCaseFunctionTwo" time="0.01" classname="tutorial.edureka.example.com.TestNGAnnotations"/>
</testsuite> <!-- Parallel Testing For Annotations -->
